<?xml version="1.0" encoding="UTF-8"?>
<testng-results ignored="0" total="3" passed="3" failed="0" skipped="0">
  <reporter-output>
  </reporter-output>
  <suite started-at="2025-01-17T10:13:10 IST" name="Suite" finished-at="2025-01-17T10:13:27 IST" duration-ms="16846">
    <groups>
    </groups>
    <test started-at="2025-01-17T10:13:10 IST" name="Test" finished-at="2025-01-17T10:13:27 IST" duration-ms="16846">
      <class name="testngprovider.Exampledataprovider">
        <test-method is-config="true" signature="beforeMethod()[pri:0, instance:testngprovider.Exampledataprovider@8458f04]" started-at="2025-01-17T10:13:10 IST" name="beforeMethod" finished-at="2025-01-17T10:13:14 IST" duration-ms="3726" status="PASS">
          <reporter-output>
          </reporter-output>
        </test-method> <!-- beforeMethod -->
        <test-method signature="BMICalculator(java.lang.Integer,java.lang.Integer,java.lang.Integer)[pri:0, instance:testngprovider.Exampledataprovider@8458f04]" started-at="2025-01-17T10:13:14 IST" name="BMICalculator" data-provider="datas" finished-at="2025-01-17T10:13:15 IST" duration-ms="1169" status="PASS">
          <params>
            <param index="0">
              <value>
                <![CDATA[30]]>
              </value>
            </param>
            <param index="1">
              <value>
                <![CDATA[170]]>
              </value>
            </param>
            <param index="2">
              <value>
                <![CDATA[60]]>
              </value>
            </param>
          </params>
          <reporter-output>
          </reporter-output>
        </test-method> <!-- BMICalculator -->
        <test-method is-config="true" signature="afterMethod()[pri:0, instance:testngprovider.Exampledataprovider@8458f04]" started-at="2025-01-17T10:13:15 IST" name="afterMethod" finished-at="2025-01-17T10:13:17 IST" duration-ms="1611" status="PASS">
          <reporter-output>
          </reporter-output>
        </test-method> <!-- afterMethod -->
        <test-method is-config="true" signature="beforeMethod()[pri:0, instance:testngprovider.Exampledataprovider@8458f04]" started-at="2025-01-17T10:13:17 IST" name="beforeMethod" finished-at="2025-01-17T10:13:19 IST" duration-ms="2706" status="PASS">
          <reporter-output>
          </reporter-output>
        </test-method> <!-- beforeMethod -->
        <test-method signature="BMICalculator(java.lang.Integer,java.lang.Integer,java.lang.Integer)[pri:0, instance:testngprovider.Exampledataprovider@8458f04]" started-at="2025-01-17T10:13:19 IST" name="BMICalculator" data-provider="datas" finished-at="2025-01-17T10:13:20 IST" duration-ms="989" status="PASS">
          <params>
            <param index="0">
              <value>
                <![CDATA[10]]>
              </value>
            </param>
            <param index="1">
              <value>
                <![CDATA[90]]>
              </value>
            </param>
            <param index="2">
              <value>
                <![CDATA[60]]>
              </value>
            </param>
          </params>
          <reporter-output>
          </reporter-output>
        </test-method> <!-- BMICalculator -->
        <test-method is-config="true" signature="afterMethod()[pri:0, instance:testngprovider.Exampledataprovider@8458f04]" started-at="2025-01-17T10:13:20 IST" name="afterMethod" finished-at="2025-01-17T10:13:22 IST" duration-ms="1324" status="PASS">
          <reporter-output>
          </reporter-output>
        </test-method> <!-- afterMethod -->
        <test-method is-config="true" signature="beforeMethod()[pri:0, instance:testngprovider.Exampledataprovider@8458f04]" started-at="2025-01-17T10:13:22 IST" name="beforeMethod" finished-at="2025-01-17T10:13:24 IST" duration-ms="2914" status="PASS">
          <reporter-output>
          </reporter-output>
        </test-method> <!-- beforeMethod -->
        <test-method signature="BMICalculator(java.lang.Integer,java.lang.Integer,java.lang.Integer)[pri:0, instance:testngprovider.Exampledataprovider@8458f04]" started-at="2025-01-17T10:13:24 IST" name="BMICalculator" data-provider="datas" finished-at="2025-01-17T10:13:25 IST" duration-ms="958" status="PASS">
          <params>
            <param index="0">
              <value>
                <![CDATA[69]]>
              </value>
            </param>
            <param index="1">
              <value>
                <![CDATA[170]]>
              </value>
            </param>
            <param index="2">
              <value>
                <![CDATA[70]]>
              </value>
            </param>
          </params>
          <reporter-output>
          </reporter-output>
        </test-method> <!-- BMICalculator -->
        <test-method is-config="true" signature="afterMethod()[pri:0, instance:testngprovider.Exampledataprovider@8458f04]" started-at="2025-01-17T10:13:25 IST" name="afterMethod" finished-at="2025-01-17T10:13:27 IST" duration-ms="1375" status="PASS">
          <reporter-output>
          </reporter-output>
        </test-method> <!-- afterMethod -->
      </class> <!-- testngprovider.Exampledataprovider -->
    </test> <!-- Test -->
  </suite> <!-- Suite -->
</testng-results>
