<?xml version="1.0" encoding="UTF-8"?>
<!-- Generated by org.testng.reporters.JUnitReportReporter -->
<testsuite hostname="c52f5b6f6f4b560" failures="0" tests="3" name="testngprovider.Exampledataprovider" time="16.772" errors="0" timestamp="2025-01-17T10:13:27 IST" skipped="0">
  <testcase classname="testngprovider.Exampledataprovider" name="BMICalculator" time="5.199"/>
  <testcase classname="testngprovider.Exampledataprovider" name="BMICalculator" time="6.090"/>
  <testcase classname="testngprovider.Exampledataprovider" name="BMICalculator" time="5.483"/>
</testsuite> <!-- testngprovider.Exampledataprovider -->
