<?xml version="1.0" encoding="UTF-8"?>
<!-- Generated by org.testng.reporters.JUnitXMLReporter -->
<testsuite ignored="0" hostname="c52f5b6f6f4b560" failures="0" tests="3" name="Test" time="16.846" errors="0" timestamp="2025-01-17T10:13:27 IST">
  <testcase classname="testngprovider.Exampledataprovider" name="BMICalculator" time="1.169"/>
  <testcase classname="testngprovider.Exampledataprovider" name="BMICalculator" time="0.989"/>
  <testcase classname="testngprovider.Exampledataprovider" name="BMICalculator" time="0.958"/>
</testsuite> <!-- Test -->
